<?xml version="1.0" encoding="UTF-8"?>
<!-- Generated by org.testng.reporters.JUnitReportReporter -->
<testsuite hostname="DESKTOP-HOF3APB" failures="0" tests="1" name="test.LoginTest" time="21.639" errors="0" timestamp="08 Oct 2023 18:06:09 GMT" skipped="0">
  <testcase classname="test.LoginTest" name="validUserShouldBeAbleToLogin" time="21.639"/>
</testsuite> <!-- test.LoginTest -->
